{"/home/fernando/htdocs/flickr-photos-fetcher/front-layer/main/component/FlickrFetcher.js":{"path":"/home/fernando/htdocs/flickr-photos-fetcher/front-layer/main/component/FlickrFetcher.js","s":{"1":1,"2":1,"3":1,"4":1,"5":1,"6":1,"7":1,"8":1,"9":1,"10":1,"11":1,"12":1,"13":3,"14":5,"15":2,"16":2,"17":4,"18":2,"19":1,"20":1,"21":1,"22":3,"23":3,"24":3,"25":1,"26":1},"b":{"1":[1,0],"2":[1,1],"3":[1,0],"4":[3,0],"5":[1,0]},"f":{"1":1,"2":1,"3":3,"4":5,"5":2,"6":4,"7":2,"8":3,"9":1},"fnMap":{"1":{"name":"FlickrFetcher","line":18,"loc":{"start":{"line":18,"column":16},"end":{"line":18,"column":48}}},"2":{"name":"setSearchName","line":25,"loc":{"start":{"line":25,"column":19},"end":{"line":25,"column":50}}},"3":{"name":"getUrlApi","line":30,"loc":{"start":{"line":30,"column":15},"end":{"line":30,"column":36}}},"4":{"name":"getImageURL","line":33,"loc":{"start":{"line":33,"column":17},"end":{"line":33,"column":48}}},"5":{"name":"getDataTemplate","line":36,"loc":{"start":{"line":36,"column":21},"end":{"line":36,"column":54}}},"6":{"name":"(anonymous_6)","line":39,"loc":{"start":{"line":39,"column":29},"end":{"line":39,"column":46}}},"7":{"name":"fetchFlickrData","line":46,"loc":{"start":{"line":46,"column":21},"end":{"line":46,"column":73}}},"8":{"name":"fetchPhotos","line":53,"loc":{"start":{"line":53,"column":17},"end":{"line":53,"column":47}}},"9":{"name":"(anonymous_9)","line":63,"loc":{"start":{"line":63,"column":17},"end":{"line":63,"column":36}}}},"statementMap":{"1":{"start":{"line":3,"column":0},"end":{"line":5,"column":26}},"2":{"start":{"line":6,"column":0},"end":{"line":6,"column":49}},"3":{"start":{"line":7,"column":0},"end":{"line":7,"column":34}},"4":{"start":{"line":8,"column":0},"end":{"line":8,"column":25}},"5":{"start":{"line":9,"column":0},"end":{"line":12,"column":2}},"6":{"start":{"line":13,"column":0},"end":{"line":16,"column":2}},"7":{"start":{"line":18,"column":0},"end":{"line":21,"column":2}},"8":{"start":{"line":19,"column":4},"end":{"line":19,"column":44}},"9":{"start":{"line":20,"column":4},"end":{"line":20,"column":39}},"10":{"start":{"line":23,"column":0},"end":{"line":61,"column":3}},"11":{"start":{"line":26,"column":8},"end":{"line":26,"column":49}},"12":{"start":{"line":28,"column":8},"end":{"line":28,"column":20}},"13":{"start":{"line":31,"column":8},"end":{"line":31,"column":189}},"14":{"start":{"line":34,"column":8},"end":{"line":34,"column":135}},"15":{"start":{"line":37,"column":8},"end":{"line":37,"column":25}},"16":{"start":{"line":39,"column":8},"end":{"line":44,"column":11}},"17":{"start":{"line":40,"column":12},"end":{"line":43,"column":14}},"18":{"start":{"line":47,"column":8},"end":{"line":51,"column":9}},"19":{"start":{"line":48,"column":12},"end":{"line":48,"column":58}},"20":{"start":{"line":49,"column":15},"end":{"line":51,"column":9}},"21":{"start":{"line":50,"column":12},"end":{"line":50,"column":65}},"22":{"start":{"line":54,"column":8},"end":{"line":55,"column":80}},"23":{"start":{"line":57,"column":8},"end":{"line":57,"column":151}},"24":{"start":{"line":59,"column":8},"end":{"line":59,"column":31}},"25":{"start":{"line":63,"column":0},"end":{"line":65,"column":2}},"26":{"start":{"line":64,"column":4},"end":{"line":64,"column":44}}},"branchMap":{"1":{"line":19,"type":"binary-expr","locations":[{"start":{"line":19,"column":18},"end":{"line":19,"column":32}},{"start":{"line":19,"column":36},"end":{"line":19,"column":43}}]},"2":{"line":47,"type":"if","locations":[{"start":{"line":47,"column":8},"end":{"line":47,"column":8}},{"start":{"line":47,"column":8},"end":{"line":47,"column":8}}]},"3":{"line":49,"type":"if","locations":[{"start":{"line":49,"column":15},"end":{"line":49,"column":15}},{"start":{"line":49,"column":15},"end":{"line":49,"column":15}}]},"4":{"line":55,"type":"cond-expr","locations":[{"start":{"line":55,"column":49},"end":{"line":55,"column":56}},{"start":{"line":55,"column":59},"end":{"line":55,"column":79}}]},"5":{"line":64,"type":"binary-expr","locations":[{"start":{"line":64,"column":29},"end":{"line":64,"column":36}},{"start":{"line":64,"column":40},"end":{"line":64,"column":42}}]}},"l":{"3":1,"6":1,"7":1,"8":1,"9":1,"13":1,"18":1,"19":1,"20":1,"23":1,"26":1,"28":1,"31":3,"34":5,"37":2,"39":2,"40":4,"47":2,"48":1,"49":1,"50":1,"54":3,"57":3,"59":3,"63":1,"64":1}},"/home/fernando/htdocs/flickr-photos-fetcher/front-layer/main/component/UI.FlickrPhoto.js":{"path":"/home/fernando/htdocs/flickr-photos-fetcher/front-layer/main/component/UI.FlickrPhoto.js","s":{"1":1,"2":1,"3":1,"4":1,"5":1,"6":4,"7":2,"8":1,"9":1,"10":1},"b":{"1":[1,0],"2":[0,1],"3":[1,1],"4":[1,0]},"f":{"1":1,"2":1,"3":4,"4":2,"5":1,"6":1},"fnMap":{"1":{"name":"FlickrPhoto","line":7,"loc":{"start":{"line":7,"column":14},"end":{"line":7,"column":44}}},"2":{"name":"setWrapperElement","line":13,"loc":{"start":{"line":13,"column":23},"end":{"line":13,"column":55}}},"3":{"name":"photoToListItem","line":16,"loc":{"start":{"line":16,"column":21},"end":{"line":16,"column":53}}},"4":{"name":"photoListToHTML","line":19,"loc":{"start":{"line":19,"column":21},"end":{"line":19,"column":54}}},"5":{"name":"refreshUiCards","line":22,"loc":{"start":{"line":22,"column":20},"end":{"line":22,"column":50}}},"6":{"name":"(anonymous_6)","line":27,"loc":{"start":{"line":27,"column":17},"end":{"line":27,"column":36}}}},"statementMap":{"1":{"start":{"line":3,"column":0},"end":{"line":5,"column":26}},"2":{"start":{"line":7,"column":0},"end":{"line":9,"column":2}},"3":{"start":{"line":8,"column":4},"end":{"line":8,"column":65}},"4":{"start":{"line":11,"column":0},"end":{"line":25,"column":3}},"5":{"start":{"line":14,"column":8},"end":{"line":14,"column":83}},"6":{"start":{"line":17,"column":8},"end":{"line":17,"column":137}},"7":{"start":{"line":20,"column":8},"end":{"line":20,"column":85}},"8":{"start":{"line":23,"column":8},"end":{"line":23,"column":54}},"9":{"start":{"line":27,"column":0},"end":{"line":29,"column":2}},"10":{"start":{"line":28,"column":4},"end":{"line":28,"column":42}}},"branchMap":{"1":{"line":8,"type":"binary-expr","locations":[{"start":{"line":8,"column":41},"end":{"line":8,"column":55}},{"start":{"line":8,"column":59},"end":{"line":8,"column":63}}]},"2":{"line":14,"type":"cond-expr","locations":[{"start":{"line":14,"column":70},"end":{"line":14,"column":73}},{"start":{"line":14,"column":76},"end":{"line":14,"column":82}}]},"3":{"line":14,"type":"binary-expr","locations":[{"start":{"line":14,"column":23},"end":{"line":14,"column":37}},{"start":{"line":14,"column":41},"end":{"line":14,"column":67}}]},"4":{"line":28,"type":"binary-expr","locations":[{"start":{"line":28,"column":27},"end":{"line":28,"column":34}},{"start":{"line":28,"column":38},"end":{"line":28,"column":40}}]}},"l":{"3":1,"7":1,"8":1,"11":1,"14":1,"17":4,"20":2,"23":1,"27":1,"28":1}}}