<?xml version="1.0" encoding="UTF-8"?>
<coverage generated="1479329553372" clover="3.2.0">
	<project timestamp="1479329553372"  name="All Files" >
		<metrics statements="36"  coveredstatements="36"  conditionals="18"  coveredconditionals="11"  methods="15"  coveredmethods="15"  elements="69"  coveredelements="62"  complexity="0"  packages="1"  files="2"  classes="2"  loc="92"  ncloc="92" />
		<package name="component" >
			<metrics statements="36"  coveredstatements="36"  conditionals="18"  coveredconditionals="11"  methods="15"  coveredmethods="15" />
			<file name="FlickrFetcher.js"  path="/home/fernando/htdocs/flickr-photos-fetcher/front-layer/main/component/FlickrFetcher.js" >
				<metrics statements="26"  coveredstatements="26"  conditionals="10"  coveredconditionals="6"  methods="9"  coveredmethods="9" />
				<line num="3"  count="1"  type="stmt" />
				<line num="6"  count="1"  type="stmt" />
				<line num="7"  count="1"  type="stmt" />
				<line num="8"  count="1"  type="stmt" />
				<line num="9"  count="1"  type="stmt" />
				<line num="13"  count="1"  type="stmt" />
				<line num="18"  count="1"  type="stmt" />
				<line num="19"  count="1"  type="cond"  truecount="1"  falsecount="1" />
				<line num="20"  count="1"  type="stmt" />
				<line num="23"  count="1"  type="stmt" />
				<line num="26"  count="1"  type="stmt" />
				<line num="28"  count="1"  type="stmt" />
				<line num="31"  count="3"  type="stmt" />
				<line num="34"  count="5"  type="stmt" />
				<line num="37"  count="2"  type="stmt" />
				<line num="39"  count="2"  type="stmt" />
				<line num="40"  count="4"  type="stmt" />
				<line num="47"  count="2"  type="cond"  truecount="2"  falsecount="0" />
				<line num="48"  count="1"  type="stmt" />
				<line num="49"  count="1"  type="cond"  truecount="1"  falsecount="1" />
				<line num="50"  count="1"  type="stmt" />
				<line num="54"  count="3"  type="stmt" />
				<line num="57"  count="3"  type="stmt" />
				<line num="59"  count="3"  type="stmt" />
				<line num="63"  count="1"  type="stmt" />
				<line num="64"  count="1"  type="cond"  truecount="1"  falsecount="1" />
			</file>
			<file name="UI.FlickrPhoto.js"  path="/home/fernando/htdocs/flickr-photos-fetcher/front-layer/main/component/UI.FlickrPhoto.js" >
				<metrics statements="10"  coveredstatements="10"  conditionals="8"  coveredconditionals="5"  methods="6"  coveredmethods="6" />
				<line num="3"  count="1"  type="stmt" />
				<line num="7"  count="1"  type="stmt" />
				<line num="8"  count="1"  type="cond"  truecount="1"  falsecount="1" />
				<line num="11"  count="1"  type="stmt" />
				<line num="14"  count="1"  type="cond"  truecount="3"  falsecount="1" />
				<line num="17"  count="4"  type="stmt" />
				<line num="20"  count="2"  type="stmt" />
				<line num="23"  count="1"  type="stmt" />
				<line num="27"  count="1"  type="stmt" />
				<line num="28"  count="1"  type="cond"  truecount="1"  falsecount="1" />
			</file>
		</package>
	</project>
</coverage>
