<?xml version="1.0" ?>
<!DOCTYPE coverage SYSTEM "http://cobertura.sourceforge.net/xml/coverage-04.dtd">
<coverage lines-valid="36"  lines-covered="36"  line-rate="1"  branches-valid="18"  branches-covered="11"  branch-rate="0.6111"  timestamp="1479329553340" complexity="0" version="0.1">
<sources>
	<source>/home/fernando/htdocs/flickr-photos-fetcher</source>
</sources>
<packages>
	<package name="component"  line-rate="1"  branch-rate="0.6111" >
	<classes>
		<class name="FlickrFetcher.js"  filename="front-layer/main/component/FlickrFetcher.js"  line-rate="1"  branch-rate="0.6" >
		<methods>
			<method name="FlickrFetcher"  hits="1"  signature="()V" >
				<lines><line number="18"  hits="1" /></lines>
			</method>
			<method name="setSearchName"  hits="1"  signature="()V" >
				<lines><line number="25"  hits="1" /></lines>
			</method>
			<method name="getUrlApi"  hits="3"  signature="()V" >
				<lines><line number="30"  hits="3" /></lines>
			</method>
			<method name="getImageURL"  hits="5"  signature="()V" >
				<lines><line number="33"  hits="5" /></lines>
			</method>
			<method name="getDataTemplate"  hits="2"  signature="()V" >
				<lines><line number="36"  hits="2" /></lines>
			</method>
			<method name="(anonymous_6)"  hits="4"  signature="()V" >
				<lines><line number="39"  hits="4" /></lines>
			</method>
			<method name="fetchFlickrData"  hits="2"  signature="()V" >
				<lines><line number="46"  hits="2" /></lines>
			</method>
			<method name="fetchPhotos"  hits="3"  signature="()V" >
				<lines><line number="53"  hits="3" /></lines>
			</method>
			<method name="(anonymous_9)"  hits="1"  signature="()V" >
				<lines><line number="63"  hits="1" /></lines>
			</method>
		</methods>
		<lines>
			<line number="3"  hits="1"  branch="false" />
			<line number="6"  hits="1"  branch="false" />
			<line number="7"  hits="1"  branch="false" />
			<line number="8"  hits="1"  branch="false" />
			<line number="9"  hits="1"  branch="false" />
			<line number="13"  hits="1"  branch="false" />
			<line number="18"  hits="1"  branch="false" />
			<line number="19"  hits="1"  branch="true"  condition-coverage="50% (1/2)" />
			<line number="20"  hits="1"  branch="false" />
			<line number="23"  hits="1"  branch="false" />
			<line number="26"  hits="1"  branch="false" />
			<line number="28"  hits="1"  branch="false" />
			<line number="31"  hits="3"  branch="false" />
			<line number="34"  hits="5"  branch="false" />
			<line number="37"  hits="2"  branch="false" />
			<line number="39"  hits="2"  branch="false" />
			<line number="40"  hits="4"  branch="false" />
			<line number="47"  hits="2"  branch="true"  condition-coverage="100% (2/2)" />
			<line number="48"  hits="1"  branch="false" />
			<line number="49"  hits="1"  branch="true"  condition-coverage="50% (1/2)" />
			<line number="50"  hits="1"  branch="false" />
			<line number="54"  hits="3"  branch="false" />
			<line number="57"  hits="3"  branch="false" />
			<line number="59"  hits="3"  branch="false" />
			<line number="63"  hits="1"  branch="false" />
			<line number="64"  hits="1"  branch="true"  condition-coverage="50% (1/2)" />
		</lines>
		</class>
		<class name="UI.FlickrPhoto.js"  filename="front-layer/main/component/UI.FlickrPhoto.js"  line-rate="1"  branch-rate="0.625" >
		<methods>
			<method name="FlickrPhoto"  hits="1"  signature="()V" >
				<lines><line number="7"  hits="1" /></lines>
			</method>
			<method name="setWrapperElement"  hits="1"  signature="()V" >
				<lines><line number="13"  hits="1" /></lines>
			</method>
			<method name="photoToListItem"  hits="4"  signature="()V" >
				<lines><line number="16"  hits="4" /></lines>
			</method>
			<method name="photoListToHTML"  hits="2"  signature="()V" >
				<lines><line number="19"  hits="2" /></lines>
			</method>
			<method name="refreshUiCards"  hits="1"  signature="()V" >
				<lines><line number="22"  hits="1" /></lines>
			</method>
			<method name="(anonymous_6)"  hits="1"  signature="()V" >
				<lines><line number="27"  hits="1" /></lines>
			</method>
		</methods>
		<lines>
			<line number="3"  hits="1"  branch="false" />
			<line number="7"  hits="1"  branch="false" />
			<line number="8"  hits="1"  branch="true"  condition-coverage="50% (1/2)" />
			<line number="11"  hits="1"  branch="false" />
			<line number="14"  hits="1"  branch="true"  condition-coverage="75% (3/4)" />
			<line number="17"  hits="4"  branch="false" />
			<line number="20"  hits="2"  branch="false" />
			<line number="23"  hits="1"  branch="false" />
			<line number="27"  hits="1"  branch="false" />
			<line number="28"  hits="1"  branch="true"  condition-coverage="50% (1/2)" />
		</lines>
		</class>
	</classes>
	</package>
</packages>
</coverage>
