TN:
SF:/home/fernando/htdocs/flickr-photos-fetcher/front-layer/main/component/FlickrFetcher.js
FN:18,FlickrFetcher
FN:25,setSearchName
FN:30,getUrlApi
FN:33,getImageURL
FN:36,getDataTemplate
FN:39,(anonymous_6)
FN:46,fetchFlickrData
FN:53,fetchPhotos
FN:63,(anonymous_9)
FNF:9
FNH:9
FNDA:1,FlickrFetcher
FNDA:1,setSearchName
FNDA:3,getUrlApi
FNDA:5,getImageURL
FNDA:2,getDataTemplate
FNDA:4,(anonymous_6)
FNDA:2,fetchFlickrData
FNDA:3,fetchPhotos
FNDA:1,(anonymous_9)
DA:3,1
DA:6,1
DA:7,1
DA:8,1
DA:9,1
DA:13,1
DA:18,1
DA:19,1
DA:20,1
DA:23,1
DA:26,1
DA:28,1
DA:31,3
DA:34,5
DA:37,2
DA:39,2
DA:40,4
DA:47,2
DA:48,1
DA:49,1
DA:50,1
DA:54,3
DA:57,3
DA:59,3
DA:63,1
DA:64,1
LF:26
LH:26
BRDA:19,1,0,1
BRDA:19,1,1,0
BRDA:47,2,0,1
BRDA:47,2,1,1
BRDA:49,3,0,1
BRDA:49,3,1,0
BRDA:55,4,0,3
BRDA:55,4,1,0
BRDA:64,5,0,1
BRDA:64,5,1,0
BRF:10
BRH:6
end_of_record
TN:
SF:/home/fernando/htdocs/flickr-photos-fetcher/front-layer/main/component/UI.FlickrPhoto.js
FN:7,FlickrPhoto
FN:13,setWrapperElement
FN:16,photoToListItem
FN:19,photoListToHTML
FN:22,refreshUiCards
FN:27,(anonymous_6)
FNF:6
FNH:6
FNDA:1,FlickrPhoto
FNDA:1,setWrapperElement
FNDA:4,photoToListItem
FNDA:2,photoListToHTML
FNDA:1,refreshUiCards
FNDA:1,(anonymous_6)
DA:3,1
DA:7,1
DA:8,1
DA:11,1
DA:14,1
DA:17,4
DA:20,2
DA:23,1
DA:27,1
DA:28,1
LF:10
LH:10
BRDA:8,1,0,1
BRDA:8,1,1,0
BRDA:14,2,0,0
BRDA:14,2,1,1
BRDA:14,3,0,1
BRDA:14,3,1,1
BRDA:28,4,0,1
BRDA:28,4,1,0
BRF:8
BRH:5
end_of_record
